This is TeX, Version 3.14159 (Web2C 7.3.1) (format=latex 1999.8.10)  5 DEC 2000 21:22
**italy.tex
(italy.tex
LaTeX2e <1998/12/01> patch level 1
Babel <v3.6x> and hyphenation patterns for american, french, german, ngerman, n
ohyphenation, loaded.
(/usr/local/teTeX/share/texmf/tex/latex/base/article.cls
Document Class: article 1999/01/07 v1.4a Standard LaTeX document class
(/usr/local/teTeX/share/texmf/tex/latex/base/size12.clo
File: size12.clo 1999/01/07 v1.4a Standard LaTeX file (size option)
)
\c@part=\count79
\c@section=\count80
\c@subsection=\count81
\c@subsubsection=\count82
\c@paragraph=\count83
\c@subparagraph=\count84
\c@figure=\count85
\c@table=\count86
\abovecaptionskip=\skip41
\belowcaptionskip=\skip42
\bibindent=\dimen102
) (italy.aux)
\openout1 = `italy.aux'.

LaTeX Font Info:    Checking defaults for OML/cmm/m/it on input line 2.
LaTeX Font Info:    ... okay on input line 2.
LaTeX Font Info:    Checking defaults for T1/cmr/m/n on input line 2.
LaTeX Font Info:    ... okay on input line 2.
LaTeX Font Info:    Checking defaults for OT1/cmr/m/n on input line 2.
LaTeX Font Info:    ... okay on input line 2.
LaTeX Font Info:    Checking defaults for OMS/cmsy/m/n on input line 2.
LaTeX Font Info:    ... okay on input line 2.
LaTeX Font Info:    Checking defaults for OMX/cmex/m/n on input line 2.
LaTeX Font Info:    ... okay on input line 2.
LaTeX Font Info:    Checking defaults for U/cmr/m/n on input line 2.
LaTeX Font Info:    ... okay on input line 2.
LaTeX Font Info:    External font `cmex10' loaded for size
(Font)              <12> on input line 16.
LaTeX Font Info:    External font `cmex10' loaded for size
(Font)              <8> on input line 16.
LaTeX Font Info:    External font `cmex10' loaded for size
(Font)              <6> on input line 16.

Underfull \hbox (badness 10000) in paragraph at lines 5--27

 []


Underfull \hbox (badness 10000) in paragraph at lines 5--27

 []


Underfull \hbox (badness 10000) in paragraph at lines 5--27

 []


Underfull \hbox (badness 10000) in paragraph at lines 5--27

 []


Underfull \hbox (badness 10000) in paragraph at lines 5--27

 []


Underfull \hbox (badness 10000) in paragraph at lines 5--27

 []


Underfull \hbox (badness 10000) in paragraph at lines 5--27

 []


Underfull \hbox (badness 10000) in paragraph at lines 28--30

 []


Underfull \hbox (badness 10000) in paragraph at lines 31--41

 []


Underfull \hbox (badness 10000) in paragraph at lines 42--51

 []

[1

]
Underfull \hbox (badness 10000) in paragraph at lines 52--56

 []


Underfull \hbox (badness 10000) in paragraph at lines 57--59

 []


Underfull \hbox (badness 10000) in paragraph at lines 60--63

 []


Underfull \hbox (badness 10000) in paragraph at lines 60--63

 []


Underfull \hbox (badness 10000) in paragraph at lines 60--63

 []


Underfull \hbox (badness 10000) in paragraph at lines 60--63

 []


Underfull \hbox (badness 10000) in paragraph at lines 60--63

 []


Underfull \hbox (badness 10000) in paragraph at lines 65--75

 []


Underfull \hbox (badness 10000) in paragraph at lines 65--75

 []

[2] (italy.aux) ) 
Here is how much of TeX's memory you used:
 217 strings out of 10901
 2130 string characters out of 72185
 47250 words of memory out of 263001
 3212 multiletter control sequences out of 10000+0
 7035 words of font info for 25 fonts, out of 400000 for 1000
 14 hyphenation exceptions out of 1000
 22i,4n,19p,127b,188s stack positions out of 300i,100n,500p,50000b,4000s

Output written on italy.dvi (2 pages, 3608 bytes).
